mode: set
todos/delivery/controllers/user/user.go:19.69,21.2 1 1
todos/delivery/controllers/user/user.go:24.62,26.36 1 1
todos/delivery/controllers/user/user.go:26.36,29.45 2 1
todos/delivery/controllers/user/user.go:33.3,40.17 4 1
todos/delivery/controllers/user/user.go:44.3,44.69 1 1
todos/delivery/controllers/user/user.go:29.45,31.4 1 1
todos/delivery/controllers/user/user.go:40.17,42.4 1 1
todos/delivery/controllers/user/user.go:50.62,52.36 1 1
todos/delivery/controllers/user/user.go:52.36,55.17 2 1
todos/delivery/controllers/user/user.go:59.3,64.41 2 1
todos/delivery/controllers/user/user.go:55.17,57.4 1 1
todos/delivery/controllers/user/user.go:69.61,70.36 1 1
todos/delivery/controllers/user/user.go:70.36,73.17 2 1
todos/delivery/controllers/user/user.go:77.3,78.17 2 1
todos/delivery/controllers/user/user.go:82.3,85.5 1 1
todos/delivery/controllers/user/user.go:73.17,75.4 1 1
todos/delivery/controllers/user/user.go:78.17,80.4 1 1
todos/delivery/controllers/user/user.go:91.62,93.36 1 1
todos/delivery/controllers/user/user.go:93.36,96.17 2 1
todos/delivery/controllers/user/user.go:100.3,101.48 2 1
todos/delivery/controllers/user/user.go:105.3,110.62 2 1
todos/delivery/controllers/user/user.go:113.3,113.69 1 1
todos/delivery/controllers/user/user.go:96.17,98.4 1 1
todos/delivery/controllers/user/user.go:101.48,103.4 1 1
todos/delivery/controllers/user/user.go:110.62,112.4 1 1
todos/delivery/controllers/user/user.go:119.64,121.36 1 1
todos/delivery/controllers/user/user.go:121.36,124.17 2 1
todos/delivery/controllers/user/user.go:128.3,130.26 2 1
todos/delivery/controllers/user/user.go:124.17,126.4 1 1
todos/delivery/controllers/user/user.go:130.26,132.4 1 1
todos/delivery/controllers/user/user.go:132.9,134.4 1 1
